
================================================================================
THEN: Assert expected matches actual (JSON and DrawIO)
================================================================================

Checking for actual files (generated by 2_when)...
   [OK] All actual files found

1. Asserting expected synced JSON matches actual synced JSON...
   [FAIL] Expected synced JSON doesn't match actual synced JSON: 2 differences found
      - Sub-epic count mismatch: 6 vs 15
      - Story count mismatch: 65 vs 0

2. Extracting and comparing JSONs from rendered DrawIOs...
Layout data saved to: C:\dev\augmented-teams\agile_bot\bots\story_bot\utils\story_io\acceptance\scenarios\render_sync_render_complex\2_when\temp_rendered1-layout.json
Layout data saved to: C:\dev\augmented-teams\agile_bot\bots\story_bot\utils\story_io\acceptance\scenarios\render_sync_render_complex\2_when\temp_rendered2-layout.json
   2a. Comparing expected JSON with extracted JSON from rendered1...
   [FAIL] Expected JSON doesn't match rendered1 extracted JSON
      - Sub-epic count mismatch: 24 vs 15
   2b. Comparing expected JSON with extracted JSON from rendered2...
   [FAIL] Expected JSON doesn't match rendered2 extracted JSON
      - Sub-epic count mismatch: 24 vs 0

3. Asserting expected DrawIO matches actual renders...
   3a. Comparing expected DrawIO with actual first render...
       Expected: C:\dev\augmented-teams\agile_bot\bots\story_bot\utils\story_io\acceptance\scenarios\render_sync_render_complex\3_then\expected-story-map-outline.drawio
       Actual:   C:\dev\augmented-teams\agile_bot\bots\story_bot\utils\story_io\acceptance\scenarios\render_sync_render_complex\3_then\actual-first-render.drawio
   [FAIL] Expected DrawIO differs from actual first render: 519 differences found
   3b. Comparing expected DrawIO with actual second render...
       Expected: C:\dev\augmented-teams\agile_bot\bots\story_bot\utils\story_io\acceptance\scenarios\render_sync_render_complex\3_then\expected-story-map-outline.drawio
       Actual:   C:\dev\augmented-teams\agile_bot\bots\story_bot\utils\story_io\acceptance\scenarios\render_sync_render_complex\3_then\actual-second-render.drawio
   [FAIL] Expected DrawIO differs from actual second render: 251 differences found

================================================================================
[FAIL] Some assertions failed!
================================================================================
